<?xml version="1.0" encoding="UTF-8"?>
<!-- Generated by org.testng.reporters.JUnitReportReporter -->
<testsuite hostname="DESKTOP-NG0PGDE" failures="0" tests="1" name="com.newTour.testCases.TC_FlightFind" time="32.512" errors="0" timestamp="2022-11-06T20:37:21 GMT-05:00" skipped="0">
  <testcase classname="com.newTour.testCases.TC_FlightFind" name="addNewCustomer" time="32.512"/>
  <system-out/>
</testsuite> <!-- com.newTour.testCases.TC_FlightFind -->
